<?xml version="1.0" encoding="UTF-8"?>
<testsuite name="AcronymTest" tests="9" skipped="0" failures="0" errors="0" timestamp="2020-06-18T05:53:52" hostname="msh-CUBECAR-MacBookPro.local" time="0.007">
  <properties/>
  <testcase name="underscoreEmphasis" classname="AcronymTest" time="0.003"/>
  <testcase name="lowercaseWords" classname="AcronymTest" time="0.001"/>
  <testcase name="apostrophes" classname="AcronymTest" time="0.0"/>
  <testcase name="basic" classname="AcronymTest" time="0.001"/>
  <testcase name="veryLongAbbreviation" classname="AcronymTest" time="0.001"/>
  <testcase name="nonAcronymAllCapsWord" classname="AcronymTest" time="0.0"/>
  <testcase name="consecutiveDelimiters" classname="AcronymTest" time="0.0"/>
  <testcase name="punctuationWithoutWhitespace" classname="AcronymTest" time="0.001"/>
  <testcase name="punctuation" classname="AcronymTest" time="0.0"/>
  <system-out><![CDATA[]]></system-out>
  <system-err><![CDATA[]]></system-err>
</testsuite>
